public java.lang.Double(java.lang.String) throws java.lang.NumberFormatException
	using pType:[Ljava.lang.Class;@6bc7c054

public java.lang.String(java.lang.String)
	using pType:[Ljava.lang.Class;@232204a1

GIVENS:[Mode_H2M, Trust_Human, Alarm_M2H]
EVENTS:[PupilChange_Human, Trust_Human]

Mode_H2M:
	 autonomous (148) 82%
		PupilChange_Human 
			-0.3(96) 65%
			-0.4(23) 16%
			-0.0(1) 1%
			-0.2(21) 14%
			-0.1(7) 5%
		Trust_Human 
			3.0(40) 27%
			4.0(43) 29%
			5.0(45) 30%
			1.0(19) 13%
			2.0(1) 1% 
	 manual (32) 18%
		PupilChange_Human 
			-0.2(18) 56%
			-0.3(12) 38%
			-0.1(1) 3%
			-0.0(1) 3%
		Trust_Human 
			0.0(32) 100% 
 


Trust_Human:
	 3.0 (40) 22%
		PupilChange_Human 
			-0.3(26) 65%
			-0.4(3) 8%
			-0.1(5) 13%
			-0.2(6) 15%
		Trust_Human 
			3.0(40) 100% 
	 4.0 (43) 24%
		PupilChange_Human 
			-0.3(26) 60%
			-0.4(9) 21%
			-0.2(8) 19%
		Trust_Human 
			4.0(43) 100% 
	 5.0 (45) 25%
		PupilChange_Human 
			-0.4(11) 24%
			-0.3(27) 60%
			-0.0(1) 2%
			-0.2(5) 11%
			-0.1(1) 2%
		Trust_Human 
			5.0(45) 100% 
	 0.0 (32) 18%
		PupilChange_Human 
			-0.2(18) 56%
			-0.3(12) 38%
			-0.1(1) 3%
			-0.0(1) 3%
		Trust_Human 
			0.0(32) 100% 
	 1.0 (19) 11%
		PupilChange_Human 
			-0.3(16) 84%
			-0.2(2) 11%
			-0.1(1) 5%
		Trust_Human 
			1.0(19) 100% 
	 2.0 (1) 1%
		PupilChange_Human 
			-0.3(1) 100%
		Trust_Human 
			2.0(1) 100% 
 


Alarm_M2H:
	   (180) 100%
		PupilChange_Human 
			-0.3(108) 60%
			-0.4(23) 13%
			-0.0(2) 1%
			-0.2(39) 22%
			-0.1(8) 4%
		Trust_Human 
			3.0(40) 22%
			4.0(43) 24%
			5.0(45) 25%
			0.0(32) 18%
			1.0(19) 11%
			2.0(1) 1% 
 


